INFO:root:Scheduler started...
2024-09-05 09:51:16,262 - Scheduler started at: 2024-09-05 09:51:16
2024-09-05 09:51:16,263 - Scheduler running...
2024-09-05 09:52:06,340 - INFO - Scheduler started at: 2024-09-05 09:52:06
2024-09-05 09:52:06,340 - INFO - Scheduler running...
2024-09-05 09:53:06,596 - INFO - Running main every minute during market hours...
2024-09-05 09:54:44,389 - INFO - Running main every minute during market hours...
2024-09-05 09:56:21,748 - INFO - Running main every minute during market hours...
2024-09-05 09:57:07,253 - INFO - Checking positions every 5 minutes during market hours...
2024-09-05 09:57:08,255 - ERROR - Error occurred during run_check_positions: 'str' object has no attribute 'get'
2024-09-05 09:57:58,434 - INFO - Running main every minute during market hours...
2024-09-05 09:59:35,945 - INFO - Running main every minute during market hours...
2024-09-05 10:01:13,912 - INFO - Running main every minute during market hours...
2024-09-05 10:02:08,299 - INFO - Checking positions every 5 minutes during market hours...
2024-09-05 10:02:09,311 - ERROR - Error occurred during run_check_positions: 'str' object has no attribute 'get'
2024-09-05 10:02:51,474 - INFO - Running main every minute during market hours...
2024-09-05 10:04:28,529 - INFO - Running main every minute during market hours...
2024-09-05 10:06:05,872 - INFO - Running main every minute during market hours...
2024-09-05 10:07:09,581 - INFO - Checking positions every 5 minutes during market hours...
2024-09-05 10:07:10,585 - ERROR - Error occurred during run_check_positions: 'str' object has no attribute 'get'
2024-09-05 10:07:42,718 - INFO - Running main every minute during market hours...
2024-09-05 10:09:19,883 - INFO - Running main every minute during market hours...
2024-09-05 10:10:56,269 - INFO - Running main every minute during market hours...
2024-09-05 10:12:11,525 - INFO - Checking positions every 5 minutes during market hours...
2024-09-05 10:12:12,553 - ERROR - Error occurred during run_check_positions: 'str' object has no attribute 'get'
2024-09-05 10:12:33,645 - INFO - Running main every minute during market hours...
2024-09-05 10:14:10,993 - INFO - Running main every minute during market hours...
2024-09-05 10:15:49,433 - INFO - Running main every minute during market hours...
2024-09-05 10:17:12,690 - INFO - Checking positions every 5 minutes during market hours...
2024-09-05 10:17:13,724 - ERROR - Error occurred during run_check_positions: 'str' object has no attribute 'get'
2024-09-05 10:17:27,773 - INFO - Running main every minute during market hours...
2024-09-05 10:19:05,764 - INFO - Running main every minute during market hours...
2024-09-05 10:20:44,118 - INFO - Running main every minute during market hours...
2024-09-05 10:22:14,413 - INFO - Checking positions every 5 minutes during market hours...
2024-09-05 10:22:15,446 - ERROR - Error occurred during run_check_positions: 'str' object has no attribute 'get'
2024-09-05 10:22:22,471 - INFO - Running main every minute during market hours...
2024-09-05 10:23:59,345 - INFO - Running main every minute during market hours...
2024-09-05 10:25:33,385 - INFO - Running main every minute during market hours...
2024-09-05 10:25:36,812 - INFO - Received termination signal. Shutting down...
2024-09-05 10:25:36,812 - INFO - Scheduler stopped at: 2024-09-05 10:25:36
2024-09-05 10:25:36,813 - ERROR - Error occurred during run_main: module 'robin_stocks.robinhood' has no attribute 'exceptions'
2024-09-05 10:28:28,612 - INFO - Scheduler started at: 2024-09-05 10:28:28
2024-09-05 10:28:28,612 - INFO - Scheduler running...
2024-09-05 11:50:03,108 - INFO - Scheduler started at: 2024-09-05 11:50:03
2024-09-05 11:50:03,109 - INFO - Scheduler running...
